<?xml version="1.0" encoding="UTF-8"?>
<beans xmlns="http://www.springframework.org/schema/beans"
       xmlns:xsi="http://www.w3.org/2001/XMLSchema-instance"
       xmlns:context="http://www.springframework.org/schema/context"
       xmlns:jpa="http://www.springframework.org/schema/data/jpa"
       xmlns:tx="http://www.springframework.org/schema/tx"
       xmlns:util="http://www.springframework.org/schema/util"
       xsi:schemaLocation="http://www.springframework.org/schema/beans
            http://www.springframework.org/schema/beans/spring-beans.xsd
            http://www.springframework.org/schema/context
            http://www.springframework.org/schema/context/spring-context-3.0.xsd
            http://www.springframework.org/schema/data/jpa
            http://www.springframework.org/schema/data/jpa/spring-jpa-1.0.xsd
            http://www.springframework.org/schema/tx
			http://www.springframework.org/schema/tx/spring-tx-3.0.xsd
			http://www.springframework.org/schema/util
        	http://www.springframework.org/schema/util/spring-util-3.0.xsd">

    <context:property-placeholder location="classpath:META-INF/spring/application.properties"/>

    <import resource="classpath:META-INF/spring/kpinsights-dispatcher-servlet-context.xml"/>
    <import resource="classpath:META-INF/spring/kpinsights-hibernate-context.xml"/>
    <import resource="classpath:META-INF/spring/kpinsights-mail-context.xml"/>
    <import resource="classpath:META-INF/spring/kpinsights-security-context.xml"/>
    <import resource="classpath:META-INF/spring/kpinsights-root-context.xml"/>
    
    <context:spring-configured/>
    
    <context:component-scan base-package="in.fissionlabs.kpinsights">
        <context:include-filter type="annotation" expression="org.springframework.stereotype.Component"/>
        <context:include-filter type="annotation" expression="org.springframework.stereotype.Service"/>
        <context:include-filter type="annotation" expression="org.springframework.stereotype.Repository"/>
        <context:include-filter type="annotation" expression="org.springframework.web.bind.annotation.RestController"/>
    </context:component-scan>

<!--     <bean id="restTemplate" class="org.springframework.web.client.RestTemplate"/> -->
 
	
</beans>